
(envGAN) d18arias@pc-df-708:~/Documents/sante/s5/mammogram/mammo-cigan$ python run.py 
Using TensorFlow backend.
Building model
WARNING:tensorflow:From /homes/d18arias/Documents/sante/envGAN/lib/python3.6/site-packages/tensorflow_core/python/ops/resource_variable_ops.py:1630: calling BaseResourceVariable.__init__ (from tensorflow.python.ops.resource_variable_ops) with constraint is deprecated and will be removed in a future version.
Instructions for updating:
If using Keras pass *_constraint arguments to layers.
Build generator
(None, 4, 4, 128) g_conv1_4 g_conv2_4
(None, 8, 8, 128) g_conv1_8 g_conv2_8
(None, 16, 16, 64) g_conv1_16 g_conv2_16
(None, 32, 32, 64) g_conv1_32 g_conv2_32
(None, 64, 64, 32) g_conv1_64 g_conv2_64
(None, 128, 128, 32) g_conv1_128 g_conv2_128
(None, 256, 256, 32) g_conv1_256 g_conv2_256
(None, 256, 256, 1) g_lastconv_256
<class 'tensorflow.python.framework.ops.Tensor'>
Building discriminator
(None, 256, 256, 32)
(256, 256, 2)
(None, 256, 256, 64)
(128, 128, 2)
(None, 128, 128, 128)
(64, 64, 2)
(None, 64, 64, 256)
(32, 32, 2)
(None, 32, 32, 512)
Getting dataset
Training model
Pre-training on VGG
Iteration 0 10
Cpatches size (8, 256, 256, 4)
Cpatches size (8, 256, 256, 4)
Cpatches size (8, 256, 256, 4)
Cpatches size (8, 256, 256, 4)
Cpatches size (8, 256, 256, 4)
VGG loss 363.1781
Validating 0
Cpatches size (1, 256, 256, 4)
[0.0000000e+00 2.2485619e-06 4.5166234e-06 ... 2.4137013e-01 2.4716206e-01
 2.6968133e-01]
[0.0000000e+00 2.4799694e-05 5.7188387e-05 ... 2.5042799e-01 2.5496843e-01
 2.6041043e-01]
Saved  model_name_vgg
Iteration 1 10
Cpatches size (8, 256, 256, 4)
Cpatches size (8, 256, 256, 4)
Cpatches size (8, 256, 256, 4)
Cpatches size (8, 256, 256, 4)
Cpatches size (8, 256, 256, 4)
VGG loss 288.73935
Validating 1
Cpatches size (1, 256, 256, 4)
[0.00987559 0.0267949  0.03062988 ... 0.3688276  0.37611413 0.3805892 ]
[0.         0.00170147 0.00244326 ... 0.42718813 0.42759973 0.42929915]
Saved  model_name_vgg
Iteration 2 10
Cpatches size (8, 256, 256, 4)
Cpatches size (8, 256, 256, 4)
Cpatches size (8, 256, 256, 4)
Cpatches size (8, 256, 256, 4)
Cpatches size (8, 256, 256, 4)
VGG loss 178.97119
Validating 2
Cpatches size (1, 256, 256, 4)
[0.0144251  0.01701278 0.01817091 ... 0.7253476  0.7261025  0.7271263 ]
[0.01636726 0.01752901 0.02064634 ... 0.88987845 0.8933043  0.90095496]
Saved  model_name_vgg
Iteration 3 10
Cpatches size (8, 256, 256, 4)
Cpatches size (8, 256, 256, 4)
Cpatches size (8, 256, 256, 4)
Cpatches size (8, 256, 256, 4)
Cpatches size (8, 256, 256, 4)
VGG loss 176.98901
Validating 3
Cpatches size (1, 256, 256, 4)
[0.01384395 0.01531478 0.02007494 ... 0.5878397  0.5911617  0.5914899 ]
[0.02860023 0.03855645 0.03900313 ... 0.7200679  0.72381353 0.7349272 ]
Saved  model_name_vgg
Iteration 4 10
Cpatches size (8, 256, 256, 4)
Cpatches size (8, 256, 256, 4)
Cpatches size (8, 256, 256, 4)
Cpatches size (8, 256, 256, 4)
Cpatches size (8, 256, 256, 4)
VGG loss 171.55832
Validating 4
Cpatches size (1, 256, 256, 4)
[0.00283687 0.00604535 0.00606705 ... 0.54706144 0.5531889  0.5534529 ]
[0.00796669 0.0083939  0.01370994 ... 0.649799   0.65107036 0.658003  ]
Saved  model_name_vgg
Iteration 5 10
Cpatches size (8, 256, 256, 4)
Cpatches size (8, 256, 256, 4)
Cpatches size (8, 256, 256, 4)
Cpatches size (8, 256, 256, 4)
Cpatches size (8, 256, 256, 4)
VGG loss 159.29765
Validating 5
Cpatches size (1, 256, 256, 4)
[0.02239616 0.02379575 0.0251263  ... 0.5698126  0.5740381  0.6045836 ]
[0.02152851 0.02753199 0.02815456 ... 0.6766381  0.68511903 0.68706733]
Saved  model_name_vgg
Iteration 6 10
Cpatches size (8, 256, 256, 4)
Cpatches size (8, 256, 256, 4)
Cpatches size (8, 256, 256, 4)
Cpatches size (8, 256, 256, 4)
Cpatches size (8, 256, 256, 4)
VGG loss 145.01302
Validating 6
Cpatches size (1, 256, 256, 4)
[0.01781065 0.02741232 0.03002089 ... 0.63724464 0.6503869  0.6586236 ]
[0.03579696 0.03588551 0.03720512 ... 0.77213687 0.77244794 0.7749583 ]
Saved  model_name_vgg
Iteration 7 10
Cpatches size (8, 256, 256, 4)
Cpatches size (8, 256, 256, 4)
Cpatches size (8, 256, 256, 4)
Cpatches size (8, 256, 256, 4)
Cpatches size (8, 256, 256, 4)
VGG loss 152.93379
Validating 7
Cpatches size (1, 256, 256, 4)
[0.02659677 0.03684033 0.0388086  ... 0.6031215  0.60567266 0.61332446]
[0.03290029 0.03737095 0.04010998 ... 0.7425974  0.7462455  0.7570297 ]
Saved  model_name_vgg
Iteration 8 10
Cpatches size (8, 256, 256, 4)
Cpatches size (8, 256, 256, 4)
Cpatches size (8, 256, 256, 4)
Cpatches size (8, 256, 256, 4)
Cpatches size (8, 256, 256, 4)
VGG loss 150.84082
Validating 8
Cpatches size (1, 256, 256, 4)
[0.02621525 0.03473137 0.05000631 ... 0.588519   0.5910008  0.6054437 ]
[0.03978413 0.04625363 0.05101511 ... 0.7166541  0.71810806 0.73008937]
Saved  model_name_vgg
Iteration 9 10
Cpatches size (8, 256, 256, 4)
Cpatches size (8, 256, 256, 4)
Cpatches size (8, 256, 256, 4)
Cpatches size (8, 256, 256, 4)
Cpatches size (8, 256, 256, 4)
VGG loss 133.69888
Validating 9
Cpatches size (1, 256, 256, 4)
[0.03111897 0.04623523 0.06615982 ... 0.64014846 0.6402101  0.64144206]
[0.04798035 0.0676183  0.06793296 ... 0.7649904  0.7672907  0.7679245 ]
Saved  model_name_vgg
Cpatches size (8, 256, 256, 4)
Cpatches size (8, 256, 256, 4)
Cpatches size (8, 256, 256, 4)
Cpatches size (8, 256, 256, 4)
Cpatches size (8, 256, 256, 4)
D_loss 0.70587593
Cpatches size (8, 256, 256, 4)
Cpatches size (8, 256, 256, 4)
Cpatches size (8, 256, 256, 4)
Cpatches size (8, 256, 256, 4)
Cpatches size (8, 256, 256, 4)
D_loss 0.69758445
Cpatches size (8, 256, 256, 4)
Cpatches size (8, 256, 256, 4)
Cpatches size (8, 256, 256, 4)
Cpatches size (8, 256, 256, 4)
Cpatches size (8, 256, 256, 4)
D_loss 0.6950663
Cpatches size (8, 256, 256, 4)
Cpatches size (8, 256, 256, 4)
Cpatches size (8, 256, 256, 4)
Cpatches size (8, 256, 256, 4)
Cpatches size (8, 256, 256, 4)
D_loss 0.6944419
Cpatches size (8, 256, 256, 4)
Cpatches size (8, 256, 256, 4)
Cpatches size (8, 256, 256, 4)
Cpatches size (8, 256, 256, 4)
Cpatches size (8, 256, 256, 4)
D_loss 0.693699
Cpatches size (8, 256, 256, 4)
Cpatches size (8, 256, 256, 4)
Cpatches size (8, 256, 256, 4)
Cpatches size (8, 256, 256, 4)
Cpatches size (8, 256, 256, 4)
D_loss 0.6931561
Cpatches size (8, 256, 256, 4)
Cpatches size (8, 256, 256, 4)
Cpatches size (8, 256, 256, 4)
Cpatches size (8, 256, 256, 4)
Cpatches size (8, 256, 256, 4)
D_loss 0.69307625
Cpatches size (8, 256, 256, 4)
Cpatches size (8, 256, 256, 4)
Cpatches size (8, 256, 256, 4)
Cpatches size (8, 256, 256, 4)
Cpatches size (8, 256, 256, 4)
D_loss 0.69285184
Cpatches size (8, 256, 256, 4)
Cpatches size (8, 256, 256, 4)
Cpatches size (8, 256, 256, 4)
Cpatches size (8, 256, 256, 4)
Cpatches size (8, 256, 256, 4)
D_loss 0.69243556
Cpatches size (8, 256, 256, 4)
Cpatches size (8, 256, 256, 4)
Cpatches size (8, 256, 256, 4)
Cpatches size (8, 256, 256, 4)
Cpatches size (8, 256, 256, 4)
D_loss 0.6916816
Cpatches size (8, 256, 256, 4)
Cpatches size (8, 256, 256, 4)
Cpatches size (8, 256, 256, 4)
Cpatches size (8, 256, 256, 4)
Cpatches size (8, 256, 256, 4)
D_loss 0.69042027
Cpatches size (8, 256, 256, 4)
Cpatches size (8, 256, 256, 4)
Cpatches size (8, 256, 256, 4)
Cpatches size (8, 256, 256, 4)
Cpatches size (8, 256, 256, 4)
D_loss 0.6858056
Cpatches size (8, 256, 256, 4)
Cpatches size (8, 256, 256, 4)
Cpatches size (8, 256, 256, 4)
Cpatches size (8, 256, 256, 4)
Cpatches size (8, 256, 256, 4)
D_loss 0.67658293
Cpatches size (8, 256, 256, 4)
Cpatches size (8, 256, 256, 4)
Cpatches size (8, 256, 256, 4)
Cpatches size (8, 256, 256, 4)
Cpatches size (8, 256, 256, 4)
D_loss 0.65699863
Cpatches size (8, 256, 256, 4)
Cpatches size (8, 256, 256, 4)
Cpatches size (8, 256, 256, 4)
Cpatches size (8, 256, 256, 4)
Cpatches size (8, 256, 256, 4)
D_loss 0.62536037
Cpatches size (8, 256, 256, 4)
Cpatches size (8, 256, 256, 4)
Cpatches size (8, 256, 256, 4)
Cpatches size (8, 256, 256, 4)
Cpatches size (8, 256, 256, 4)
D_loss 0.5761235
Cpatches size (8, 256, 256, 4)
Cpatches size (8, 256, 256, 4)
Cpatches size (8, 256, 256, 4)
Cpatches size (8, 256, 256, 4)
Cpatches size (8, 256, 256, 4)
D_loss 0.5119332
Cpatches size (8, 256, 256, 4)
Cpatches size (8, 256, 256, 4)
Cpatches size (8, 256, 256, 4)
Cpatches size (8, 256, 256, 4)
Cpatches size (8, 256, 256, 4)
D_loss 0.41757536
Cpatches size (8, 256, 256, 4)
Cpatches size (8, 256, 256, 4)
Cpatches size (8, 256, 256, 4)
Cpatches size (8, 256, 256, 4)
Cpatches size (8, 256, 256, 4)
D_loss 0.44366345
Cpatches size (8, 256, 256, 4)
Cpatches size (8, 256, 256, 4)
Cpatches size (8, 256, 256, 4)
Cpatches size (8, 256, 256, 4)
Cpatches size (8, 256, 256, 4)
D_loss 0.35991675
Cpatches size (8, 256, 256, 4)
Cpatches size (8, 256, 256, 4)
Cpatches size (8, 256, 256, 4)
Cpatches size (8, 256, 256, 4)
Cpatches size (8, 256, 256, 4)
D_loss 0.3309144
Cpatches size (8, 256, 256, 4)
Cpatches size (8, 256, 256, 4)
Cpatches size (8, 256, 256, 4)
Cpatches size (8, 256, 256, 4)
Cpatches size (8, 256, 256, 4)
D_loss 0.251723
========
Cpatches size (8, 256, 256, 4)
G loss 1.2497357
Cpatches size (8, 256, 256, 4)
G loss 1.1715257
Cpatches size (8, 256, 256, 4)
G loss 0.580354
Cpatches size (8, 256, 256, 4)
G loss 0.44928074
Cpatches size (8, 256, 256, 4)
G loss 0.2231236
========
Cpatches size (8, 256, 256, 4)
Cpatches size (8, 256, 256, 4)
Cpatches size (8, 256, 256, 4)
Cpatches size (8, 256, 256, 4)
Cpatches size (8, 256, 256, 4)
Cpatches size (8, 256, 256, 4)
Cpatches size (8, 256, 256, 4)
Cpatches size (8, 256, 256, 4)
Cpatches size (8, 256, 256, 4)
Cpatches size (8, 256, 256, 4)
VGG loss 167.3497
Cpatches size (8, 256, 256, 4)
Cpatches size (8, 256, 256, 4)
Cpatches size (8, 256, 256, 4)
Cpatches size (8, 256, 256, 4)
Cpatches size (8, 256, 256, 4)
Cpatches size (8, 256, 256, 4)
Cpatches size (8, 256, 256, 4)
Cpatches size (8, 256, 256, 4)
Cpatches size (8, 256, 256, 4)
Cpatches size (8, 256, 256, 4)
Boundary loss 11.352824
Saving model
Saved  model_name
Validating 136
Cpatches size (1, 256, 256, 4)
[0.02640828 0.03242428 0.03310914 ... 0.64266783 0.64612895 0.66160697]
[0.05129435 0.06554397 0.06687137 ... 0.68641585 0.6872711  0.6921665 ]
Saving model
Saved  model_name
(envGAN) d18arias@pc-df-708:~/Documents/sante/s5/mammogram/mammo-cigan$ python run.py 
Traceback (most recent call last):
  File "run.py", line 1, in <module>
    from train import *
  File "/homes/d18arias/Documents/sante/s5/mammogram/mammo-cigan/train.py", line 183
    print("It:",it)
                  ^
TabError: inconsistent use of tabs and spaces in indentation
(envGAN) d18arias@pc-df-708:~/Documents/sante/s5/mammogram/mammo-cigan$ python run.py 
Traceback (most recent call last):
  File "run.py", line 1, in <module>
    from train import *
  File "/homes/d18arias/Documents/sante/s5/mammogram/mammo-cigan/train.py", line 183
    print("It:",it)
                  ^
TabError: inconsistent use of tabs and spaces in indentation
(envGAN) d18arias@pc-df-708:~/Documents/sante/s5/mammogram/mammo-cigan$ python run.py 
Using TensorFlow backend.
Building model
WARNING:tensorflow:From /homes/d18arias/Documents/sante/envGAN/lib/python3.6/site-packages/tensorflow_core/python/ops/resource_variable_ops.py:1630: calling BaseResourceVariable.__init__ (from tensorflow.python.ops.resource_variable_ops) with constraint is deprecated and will be removed in a future version.
Instructions for updating:
If using Keras pass *_constraint arguments to layers.
Build generator
(None, 4, 4, 128) g_conv1_4 g_conv2_4
(None, 8, 8, 128) g_conv1_8 g_conv2_8
(None, 16, 16, 64) g_conv1_16 g_conv2_16
(None, 32, 32, 64) g_conv1_32 g_conv2_32
(None, 64, 64, 32) g_conv1_64 g_conv2_64
(None, 128, 128, 32) g_conv1_128 g_conv2_128
(None, 256, 256, 32) g_conv1_256 g_conv2_256
(None, 256, 256, 1) g_lastconv_256
<class 'tensorflow.python.framework.ops.Tensor'>
Building discriminator
(None, 256, 256, 32)
(256, 256, 2)
(None, 256, 256, 64)
(128, 128, 2)
(None, 128, 128, 128)
(64, 64, 2)
(None, 64, 64, 256)
(32, 32, 2)
(None, 32, 32, 512)
^C^CGetting dataset
Training model
Pre-training on VGG
Iteration 0 10
Cpatches size (8, 256, 256, 4)
^CTraceback (most recent call last):
  File "run.py", line 47, in <module>
    GAN.train_model()
  File "/homes/d18arias/Documents/sante/s5/mammogram/mammo-cigan/train.py", line 177, in train_model
    VGG_loss_cur = self.train(self.sess, self.VGG_solver, self.G_loss_vgg, generator=data_generator, iters=5)
  File "/homes/d18arias/Documents/sante/s5/mammogram/mammo-cigan/train.py", line 298, in train
    })
  File "/homes/d18arias/Documents/sante/envGAN/lib/python3.6/site-packages/tensorflow_core/python/client/session.py", line 956, in run
    run_metadata_ptr)
  File "/homes/d18arias/Documents/sante/envGAN/lib/python3.6/site-packages/tensorflow_core/python/client/session.py", line 1180, in _run
    feed_dict_tensor, options, run_metadata)
  File "/homes/d18arias/Documents/sante/envGAN/lib/python3.6/site-packages/tensorflow_core/python/client/session.py", line 1359, in _do_run
    run_metadata)
  File "/homes/d18arias/Documents/sante/envGAN/lib/python3.6/site-packages/tensorflow_core/python/client/session.py", line 1365, in _do_call
    return fn(*args)
  File "/homes/d18arias/Documents/sante/envGAN/lib/python3.6/site-packages/tensorflow_core/python/client/session.py", line 1350, in _run_fn
    target_list, run_metadata)
  File "/homes/d18arias/Documents/sante/envGAN/lib/python3.6/site-packages/tensorflow_core/python/client/session.py", line 1443, in _call_tf_sessionrun
    run_metadata)
KeyboardInterrupt
(envGAN) d18arias@pc-df-708:~/Documents/sante/s5/mammogram/mammo-cigan$ python run.py 
Using TensorFlow backend.
Building model
WARNING:tensorflow:From /homes/d18arias/Documents/sante/envGAN/lib/python3.6/site-packages/tensorflow_core/python/ops/resource_variable_ops.py:1630: calling BaseResourceVariable.__init__ (from tensorflow.python.ops.resource_variable_ops) with constraint is deprecated and will be removed in a future version.
Instructions for updating:
If using Keras pass *_constraint arguments to layers.
Build generator
(None, 4, 4, 128) g_conv1_4 g_conv2_4
(None, 8, 8, 128) g_conv1_8 g_conv2_8
(None, 16, 16, 64) g_conv1_16 g_conv2_16
(None, 32, 32, 64) g_conv1_32 g_conv2_32
(None, 64, 64, 32) g_conv1_64 g_conv2_64
(None, 128, 128, 32) g_conv1_128 g_conv2_128
(None, 256, 256, 32) g_conv1_256 g_conv2_256
(None, 256, 256, 1) g_lastconv_256
<class 'tensorflow.python.framework.ops.Tensor'>
Building discriminator
(None, 256, 256, 32)
(256, 256, 2)
(None, 256, 256, 64)
(128, 128, 2)
(None, 128, 128, 128)
(64, 64, 2)
(None, 64, 64, 256)
(32, 32, 2)
(None, 32, 32, 512)
Getting dataset
Training model
Pre-training on VGG
Iteration 0 10
Cpatches size (8, 256, 256, 4)
Cpatches size (8, 256, 256, 4)
Cpatches size (8, 256, 256, 4)
Cpatches size (8, 256, 256, 4)
Cpatches size (8, 256, 256, 4)
VGG loss 348.26865
Validating 0
Cpatches size (1, 256, 256, 4)
[0.0000000e+00 2.0062085e-05 9.9971483e-05 ... 1.9715986e-01 2.0462695e-01
 2.0641683e-01]
[0.0000000e+00 1.5112222e-05 2.4998444e-05 ... 2.5555611e-01 2.5584874e-01
 2.5767115e-01]
Saved  model_name_vgg
Iteration 1 10
Cpatches size (8, 256, 256, 4)
Cpatches size (8, 256, 256, 4)
Cpatches size (8, 256, 256, 4)
Cpatches size (8, 256, 256, 4)
Cpatches size (8, 256, 256, 4)
VGG loss 262.5839
Validating 1
Cpatches size (1, 256, 256, 4)
[0.0000000e+00 3.0903670e-05 2.6753515e-03 ... 3.2561430e-01 3.2956120e-01
 3.3102694e-01]
[0.0000000e+00 3.4432288e-04 5.9545226e-04 ... 4.5305380e-01 4.5554048e-01
 4.7045600e-01]
Saved  model_name_vgg
Iteration 2 10
Cpatches size (8, 256, 256, 4)
Cpatches size (8, 256, 256, 4)
Cpatches size (8, 256, 256, 4)
Cpatches size (8, 256, 256, 4)
Cpatches size (8, 256, 256, 4)
VGG loss 174.56844
Validating 2
Cpatches size (1, 256, 256, 4)
[0.         0.00566887 0.00883846 ... 0.52851593 0.53024095 0.5460235 ]
[0.0000000e+00 3.2418175e-06 6.9093541e-05 ... 8.3747768e-01 8.4951437e-01
 8.5101241e-01]
Saved  model_name_vgg
Iteration 3 10
Cpatches size (8, 256, 256, 4)
Cpatches size (8, 256, 256, 4)
Cpatches size (8, 256, 256, 4)
Cpatches size (8, 256, 256, 4)
Cpatches size (8, 256, 256, 4)
VGG loss 157.20015
Validating 3
Cpatches size (1, 256, 256, 4)
[0.00707451 0.00851082 0.00878923 ... 0.46906194 0.46993604 0.47669256]
[0.         0.0033324  0.00870162 ... 0.6830942  0.68328553 0.6988429 ]
Saved  model_name_vgg
Iteration 4 10
Cpatches size (8, 256, 256, 4)
Cpatches size (8, 256, 256, 4)
Cpatches size (8, 256, 256, 4)
Cpatches size (8, 256, 256, 4)
Cpatches size (8, 256, 256, 4)
VGG loss 172.39629
Validating 4
Cpatches size (1, 256, 256, 4)
[0.0000000e+00 2.6914733e-04 1.1918367e-03 ... 4.9168855e-01 4.9695635e-01
 5.1450253e-01]
[0.         0.00171339 0.00862799 ... 0.69594264 0.6963923  0.6973826 ]
Saved  model_name_vgg
Iteration 5 10
Cpatches size (8, 256, 256, 4)
Cpatches size (8, 256, 256, 4)
Cpatches size (8, 256, 256, 4)
Cpatches size (8, 256, 256, 4)
Cpatches size (8, 256, 256, 4)
VGG loss 148.94402
Validating 5
Cpatches size (1, 256, 256, 4)
[0.01840411 0.02422134 0.02669046 ... 0.51841366 0.51924443 0.5371509 ]
[0.00299767 0.00535572 0.0151358  ... 0.719863   0.7221628  0.72346467]
Saved  model_name_vgg
Iteration 6 10
Cpatches size (8, 256, 256, 4)
Cpatches size (8, 256, 256, 4)
Cpatches size (8, 256, 256, 4)
Cpatches size (8, 256, 256, 4)
Cpatches size (8, 256, 256, 4)
VGG loss 143.4189
Validating 6
Cpatches size (1, 256, 256, 4)
[0.01943752 0.02059755 0.02173324 ... 0.5281121  0.5284252  0.5296298 ]
[0.00956021 0.01259535 0.01259913 ... 0.7002037  0.7007984  0.7239882 ]
Saved  model_name_vgg
Iteration 7 10
Cpatches size (8, 256, 256, 4)
Cpatches size (8, 256, 256, 4)
Cpatches size (8, 256, 256, 4)
Cpatches size (8, 256, 256, 4)
Cpatches size (8, 256, 256, 4)
VGG loss 155.92224
Validating 7
Cpatches size (1, 256, 256, 4)
[0.         0.00085823 0.00100311 ... 0.5478147  0.55350584 0.55406314]
[0.0000000e+00 1.5956012e-04 1.3389415e-03 ... 7.1538180e-01 7.1790123e-01
 7.2143978e-01]
Saved  model_name_vgg
Iteration 8 10
Cpatches size (8, 256, 256, 4)
Cpatches size (8, 256, 256, 4)
Cpatches size (8, 256, 256, 4)
Cpatches size (8, 256, 256, 4)
Cpatches size (8, 256, 256, 4)
VGG loss 151.48341
Validating 8
Cpatches size (1, 256, 256, 4)
[0.02874357 0.03224196 0.03627245 ... 0.5497477  0.5537178  0.5543036 ]
[0.01485017 0.01573986 0.0164471  ... 0.77512    0.7761481  0.79977614]
Saved  model_name_vgg
Iteration 9 10
Cpatches size (8, 256, 256, 4)
Cpatches size (8, 256, 256, 4)
Cpatches size (8, 256, 256, 4)
Cpatches size (8, 256, 256, 4)
Cpatches size (8, 256, 256, 4)
VGG loss 137.13852
Validating 9
Cpatches size (1, 256, 256, 4)
[0.0316762  0.03269066 0.03282729 ... 0.5509298  0.5591998  0.5733505 ]
[0.00165084 0.00260721 0.00375798 ... 0.74689    0.7527666  0.7563906 ]
Saved  model_name_vgg
Cpatches size (8, 256, 256, 4)
Cpatches size (8, 256, 256, 4)
Cpatches size (8, 256, 256, 4)
Cpatches size (8, 256, 256, 4)
Cpatches size (8, 256, 256, 4)
D_loss 0.71493256
Cpatches size (8, 256, 256, 4)
Cpatches size (8, 256, 256, 4)
Cpatches size (8, 256, 256, 4)
Cpatches size (8, 256, 256, 4)
Cpatches size (8, 256, 256, 4)
D_loss 0.6997005
Cpatches size (8, 256, 256, 4)
Cpatches size (8, 256, 256, 4)
Cpatches size (8, 256, 256, 4)
Cpatches size (8, 256, 256, 4)
Cpatches size (8, 256, 256, 4)
D_loss 0.6968273
Cpatches size (8, 256, 256, 4)
Cpatches size (8, 256, 256, 4)
Cpatches size (8, 256, 256, 4)
Cpatches size (8, 256, 256, 4)
Cpatches size (8, 256, 256, 4)
D_loss 0.6952373
Cpatches size (8, 256, 256, 4)
Cpatches size (8, 256, 256, 4)
Cpatches size (8, 256, 256, 4)
Cpatches size (8, 256, 256, 4)
Cpatches size (8, 256, 256, 4)
D_loss 0.693416
Cpatches size (8, 256, 256, 4)
Cpatches size (8, 256, 256, 4)
Cpatches size (8, 256, 256, 4)
Cpatches size (8, 256, 256, 4)
Cpatches size (8, 256, 256, 4)
D_loss 0.6934089
Cpatches size (8, 256, 256, 4)
Cpatches size (8, 256, 256, 4)
Cpatches size (8, 256, 256, 4)
Cpatches size (8, 256, 256, 4)
Cpatches size (8, 256, 256, 4)
D_loss 0.69305617
Cpatches size (8, 256, 256, 4)
Cpatches size (8, 256, 256, 4)
Cpatches size (8, 256, 256, 4)
Cpatches size (8, 256, 256, 4)
Cpatches size (8, 256, 256, 4)
D_loss 0.69265825
Cpatches size (8, 256, 256, 4)
Cpatches size (8, 256, 256, 4)
Cpatches size (8, 256, 256, 4)
Cpatches size (8, 256, 256, 4)
Cpatches size (8, 256, 256, 4)
D_loss 0.6922736
Cpatches size (8, 256, 256, 4)
Cpatches size (8, 256, 256, 4)
Cpatches size (8, 256, 256, 4)
Cpatches size (8, 256, 256, 4)
Cpatches size (8, 256, 256, 4)
D_loss 0.69153583
Cpatches size (8, 256, 256, 4)
Cpatches size (8, 256, 256, 4)
Cpatches size (8, 256, 256, 4)
Cpatches size (8, 256, 256, 4)
Cpatches size (8, 256, 256, 4)
D_loss 0.6888014
Cpatches size (8, 256, 256, 4)
Cpatches size (8, 256, 256, 4)
Cpatches size (8, 256, 256, 4)
Cpatches size (8, 256, 256, 4)
Cpatches size (8, 256, 256, 4)
D_loss 0.6848551
Cpatches size (8, 256, 256, 4)
Cpatches size (8, 256, 256, 4)
Cpatches size (8, 256, 256, 4)
Cpatches size (8, 256, 256, 4)
Cpatches size (8, 256, 256, 4)
D_loss 0.67356336
Cpatches size (8, 256, 256, 4)
Cpatches size (8, 256, 256, 4)
Cpatches size (8, 256, 256, 4)
Cpatches size (8, 256, 256, 4)
Cpatches size (8, 256, 256, 4)
D_loss 0.6508188
Cpatches size (8, 256, 256, 4)
Cpatches size (8, 256, 256, 4)
Cpatches size (8, 256, 256, 4)
Cpatches size (8, 256, 256, 4)
Cpatches size (8, 256, 256, 4)
D_loss 0.6211461
Cpatches size (8, 256, 256, 4)
Cpatches size (8, 256, 256, 4)
Cpatches size (8, 256, 256, 4)
Cpatches size (8, 256, 256, 4)
Cpatches size (8, 256, 256, 4)
D_loss 0.5665873
Cpatches size (8, 256, 256, 4)
Cpatches size (8, 256, 256, 4)
Cpatches size (8, 256, 256, 4)
Cpatches size (8, 256, 256, 4)
Cpatches size (8, 256, 256, 4)
D_loss 0.5375188
Cpatches size (8, 256, 256, 4)
Cpatches size (8, 256, 256, 4)
Cpatches size (8, 256, 256, 4)
Cpatches size (8, 256, 256, 4)
Cpatches size (8, 256, 256, 4)
D_loss 0.47240314
Cpatches size (8, 256, 256, 4)
Cpatches size (8, 256, 256, 4)
Cpatches size (8, 256, 256, 4)
Cpatches size (8, 256, 256, 4)
Cpatches size (8, 256, 256, 4)
D_loss 0.39351282
Cpatches size (8, 256, 256, 4)
Cpatches size (8, 256, 256, 4)
Cpatches size (8, 256, 256, 4)
Cpatches size (8, 256, 256, 4)
Cpatches size (8, 256, 256, 4)
D_loss 0.3513959
Cpatches size (8, 256, 256, 4)
Cpatches size (8, 256, 256, 4)
Cpatches size (8, 256, 256, 4)
Cpatches size (8, 256, 256, 4)
Cpatches size (8, 256, 256, 4)
D_loss 0.28277075
========
Cpatches size (8, 256, 256, 4)
G loss 2.0289872
Cpatches size (8, 256, 256, 4)
G loss 0.038168475
========
Cpatches size (8, 256, 256, 4)
Cpatches size (8, 256, 256, 4)
Cpatches size (8, 256, 256, 4)
Cpatches size (8, 256, 256, 4)
Cpatches size (8, 256, 256, 4)
Cpatches size (8, 256, 256, 4)
Cpatches size (8, 256, 256, 4)
Cpatches size (8, 256, 256, 4)
Cpatches size (8, 256, 256, 4)
Cpatches size (8, 256, 256, 4)
VGG loss 135.12265
Cpatches size (8, 256, 256, 4)
Cpatches size (8, 256, 256, 4)
Cpatches size (8, 256, 256, 4)
Cpatches size (8, 256, 256, 4)
Cpatches size (8, 256, 256, 4)
Cpatches size (8, 256, 256, 4)
Cpatches size (8, 256, 256, 4)
Cpatches size (8, 256, 256, 4)
Cpatches size (8, 256, 256, 4)
Cpatches size (8, 256, 256, 4)
Boundary loss 11.446357
Saving model
Saved  model_name
Validating 128
Cpatches size (1, 256, 256, 4)
[0.05371398 0.06486861 0.06676181 ... 0.58628416 0.58675945 0.60594505]
[0.0456161  0.04602319 0.05242655 ... 0.7439956  0.74753475 0.7494837 ]
Cpatches size (8, 256, 256, 4)
Cpatches size (8, 256, 256, 4)
Cpatches size (8, 256, 256, 4)
Cpatches size (8, 256, 256, 4)
Cpatches size (8, 256, 256, 4)
D_loss 0.9299736
Cpatches size (8, 256, 256, 4)
Cpatches size (8, 256, 256, 4)
Cpatches size (8, 256, 256, 4)
Cpatches size (8, 256, 256, 4)
Cpatches size (8, 256, 256, 4)
D_loss 0.76729167
Cpatches size (8, 256, 256, 4)
Cpatches size (8, 256, 256, 4)
Cpatches size (8, 256, 256, 4)
Cpatches size (8, 256, 256, 4)
Cpatches size (8, 256, 256, 4)
D_loss 0.6383754
Cpatches size (8, 256, 256, 4)
Cpatches size (8, 256, 256, 4)
Cpatches size (8, 256, 256, 4)
Cpatches size (8, 256, 256, 4)
Cpatches size (8, 256, 256, 4)
D_loss 0.63239616
Cpatches size (8, 256, 256, 4)
Cpatches size (8, 256, 256, 4)
Cpatches size (8, 256, 256, 4)
Cpatches size (8, 256, 256, 4)
Cpatches size (8, 256, 256, 4)
D_loss 0.6289466
Cpatches size (8, 256, 256, 4)
Cpatches size (8, 256, 256, 4)
Cpatches size (8, 256, 256, 4)
Cpatches size (8, 256, 256, 4)
Cpatches size (8, 256, 256, 4)
D_loss 0.60225034
Cpatches size (8, 256, 256, 4)
Cpatches size (8, 256, 256, 4)
Cpatches size (8, 256, 256, 4)
Cpatches size (8, 256, 256, 4)
Cpatches size (8, 256, 256, 4)
D_loss 0.5825955
Cpatches size (8, 256, 256, 4)
Cpatches size (8, 256, 256, 4)
Cpatches size (8, 256, 256, 4)
Cpatches size (8, 256, 256, 4)
Cpatches size (8, 256, 256, 4)
D_loss 0.5682271
Cpatches size (8, 256, 256, 4)
Cpatches size (8, 256, 256, 4)
Cpatches size (8, 256, 256, 4)
Cpatches size (8, 256, 256, 4)
Cpatches size (8, 256, 256, 4)
D_loss 0.55485123
Cpatches size (8, 256, 256, 4)
Cpatches size (8, 256, 256, 4)
Cpatches size (8, 256, 256, 4)
Cpatches size (8, 256, 256, 4)
Cpatches size (8, 256, 256, 4)
D_loss 0.54618037
Cpatches size (8, 256, 256, 4)
Cpatches size (8, 256, 256, 4)
Cpatches size (8, 256, 256, 4)
Cpatches size (8, 256, 256, 4)
Cpatches size (8, 256, 256, 4)
D_loss 0.5149566
Cpatches size (8, 256, 256, 4)
Cpatches size (8, 256, 256, 4)
Cpatches size (8, 256, 256, 4)
Cpatches size (8, 256, 256, 4)
Cpatches size (8, 256, 256, 4)
D_loss 0.51115555
Cpatches size (8, 256, 256, 4)
Cpatches size (8, 256, 256, 4)
Cpatches size (8, 256, 256, 4)
Cpatches size (8, 256, 256, 4)
Cpatches size (8, 256, 256, 4)
D_loss 0.4703588
Cpatches size (8, 256, 256, 4)
Cpatches size (8, 256, 256, 4)
Cpatches size (8, 256, 256, 4)
Cpatches size (8, 256, 256, 4)
Cpatches size (8, 256, 256, 4)
D_loss 0.4689032
Cpatches size (8, 256, 256, 4)
Cpatches size (8, 256, 256, 4)
Cpatches size (8, 256, 256, 4)
Cpatches size (8, 256, 256, 4)
Cpatches size (8, 256, 256, 4)
D_loss 0.43419427
Cpatches size (8, 256, 256, 4)
Cpatches size (8, 256, 256, 4)
Cpatches size (8, 256, 256, 4)
Cpatches size (8, 256, 256, 4)
Cpatches size (8, 256, 256, 4)
D_loss 0.48816037
Cpatches size (8, 256, 256, 4)
Cpatches size (8, 256, 256, 4)
Cpatches size (8, 256, 256, 4)
Cpatches size (8, 256, 256, 4)
Cpatches size (8, 256, 256, 4)
D_loss 0.426617
Cpatches size (8, 256, 256, 4)
Cpatches size (8, 256, 256, 4)
Cpatches size (8, 256, 256, 4)
Cpatches size (8, 256, 256, 4)
Cpatches size (8, 256, 256, 4)
D_loss 0.38186672
Cpatches size (8, 256, 256, 4)
Cpatches size (8, 256, 256, 4)
Cpatches size (8, 256, 256, 4)
Cpatches size (8, 256, 256, 4)
Cpatches size (8, 256, 256, 4)
D_loss 0.29346886
========
Cpatches size (8, 256, 256, 4)
G loss 2.4366012
Cpatches size (8, 256, 256, 4)
G loss 1.5252488
Cpatches size (8, 256, 256, 4)
G loss 0.20794688
========
Cpatches size (8, 256, 256, 4)
Cpatches size (8, 256, 256, 4)
Cpatches size (8, 256, 256, 4)
Cpatches size (8, 256, 256, 4)
Cpatches size (8, 256, 256, 4)
Cpatches size (8, 256, 256, 4)
Cpatches size (8, 256, 256, 4)
Cpatches size (8, 256, 256, 4)
Cpatches size (8, 256, 256, 4)
Cpatches size (8, 256, 256, 4)
VGG loss 150.36594
Cpatches size (8, 256, 256, 4)
Cpatches size (8, 256, 256, 4)
Cpatches size (8, 256, 256, 4)
Cpatches size (8, 256, 256, 4)
Cpatches size (8, 256, 256, 4)
Cpatches size (8, 256, 256, 4)
Cpatches size (8, 256, 256, 4)
Cpatches size (8, 256, 256, 4)
Cpatches size (8, 256, 256, 4)
Cpatches size (8, 256, 256, 4)
Boundary loss 11.507273
Saving model
Saved  model_name
Validating 247
Cpatches size (1, 256, 256, 4)
[0.06315573 0.06424594 0.06459618 ... 0.5535249  0.5593822  0.56920964]
[0.05105475 0.0514006  0.052084   ... 0.6518428  0.6571484  0.66477764]
Cpatches size (8, 256, 256, 4)
Cpatches size (8, 256, 256, 4)
Cpatches size (8, 256, 256, 4)
Cpatches size (8, 256, 256, 4)
Cpatches size (8, 256, 256, 4)
D_loss 0.45293134
Cpatches size (8, 256, 256, 4)
Cpatches size (8, 256, 256, 4)
Cpatches size (8, 256, 256, 4)
Cpatches size (8, 256, 256, 4)
Cpatches size (8, 256, 256, 4)
D_loss 0.35562333
Cpatches size (8, 256, 256, 4)
Cpatches size (8, 256, 256, 4)
Cpatches size (8, 256, 256, 4)
Cpatches size (8, 256, 256, 4)
Cpatches size (8, 256, 256, 4)
D_loss 0.3773523
Cpatches size (8, 256, 256, 4)
Cpatches size (8, 256, 256, 4)
Cpatches size (8, 256, 256, 4)
Cpatches size (8, 256, 256, 4)
Cpatches size (8, 256, 256, 4)
D_loss 0.21233103
========
Cpatches size (8, 256, 256, 4)
G loss 1.7374747
Cpatches size (8, 256, 256, 4)
G loss 0.6291599
Cpatches size (8, 256, 256, 4)
G loss 0.022912499
========
Cpatches size (8, 256, 256, 4)
Cpatches size (8, 256, 256, 4)
Cpatches size (8, 256, 256, 4)
Cpatches size (8, 256, 256, 4)
Cpatches size (8, 256, 256, 4)
Cpatches size (8, 256, 256, 4)
Cpatches size (8, 256, 256, 4)
Cpatches size (8, 256, 256, 4)
Cpatches size (8, 256, 256, 4)
Cpatches size (8, 256, 256, 4)
VGG loss 132.37378
Cpatches size (8, 256, 256, 4)
Cpatches size (8, 256, 256, 4)
Cpatches size (8, 256, 256, 4)
Cpatches size (8, 256, 256, 4)
Cpatches size (8, 256, 256, 4)
Cpatches size (8, 256, 256, 4)
Cpatches size (8, 256, 256, 4)
Cpatches size (8, 256, 256, 4)
Cpatches size (8, 256, 256, 4)
Cpatches size (8, 256, 256, 4)
Boundary loss 11.735243
Saving model
Saved  model_name
Validating 291
Cpatches size (1, 256, 256, 4)
[0.05693832 0.07165537 0.07239846 ... 0.5680741  0.569905   0.5705535 ]
[0.06423276 0.07174879 0.07387882 ... 0.6732969  0.6751405  0.67937535]
Cpatches size (8, 256, 256, 4)
Cpatches size (8, 256, 256, 4)
Cpatches size (8, 256, 256, 4)
Cpatches size (8, 256, 256, 4)
Cpatches size (8, 256, 256, 4)
D_loss 0.4129145
Cpatches size (8, 256, 256, 4)
Cpatches size (8, 256, 256, 4)
Cpatches size (8, 256, 256, 4)
Cpatches size (8, 256, 256, 4)
Cpatches size (8, 256, 256, 4)
D_loss 0.42236465
Cpatches size (8, 256, 256, 4)
Cpatches size (8, 256, 256, 4)
Cpatches size (8, 256, 256, 4)
Cpatches size (8, 256, 256, 4)
Cpatches size (8, 256, 256, 4)
D_loss 0.4065872
Cpatches size (8, 256, 256, 4)
Cpatches size (8, 256, 256, 4)
Cpatches size (8, 256, 256, 4)
Cpatches size (8, 256, 256, 4)
Cpatches size (8, 256, 256, 4)
D_loss 0.21108511
========
Cpatches size (8, 256, 256, 4)
G loss 2.3633645
Cpatches size (8, 256, 256, 4)
G loss 1.6429553
Cpatches size (8, 256, 256, 4)
G loss 1.5860078
Cpatches size (8, 256, 256, 4)
G loss 0.4653935
Cpatches size (8, 256, 256, 4)
G loss 0.11369644
========
Cpatches size (8, 256, 256, 4)
Cpatches size (8, 256, 256, 4)
Cpatches size (8, 256, 256, 4)
Cpatches size (8, 256, 256, 4)
Cpatches size (8, 256, 256, 4)
Cpatches size (8, 256, 256, 4)
Cpatches size (8, 256, 256, 4)
Cpatches size (8, 256, 256, 4)
Cpatches size (8, 256, 256, 4)
Cpatches size (8, 256, 256, 4)
VGG loss 132.08676
Cpatches size (8, 256, 256, 4)
Cpatches size (8, 256, 256, 4)
Cpatches size (8, 256, 256, 4)
Cpatches size (8, 256, 256, 4)
Cpatches size (8, 256, 256, 4)
Cpatches size (8, 256, 256, 4)
Cpatches size (8, 256, 256, 4)
Cpatches size (8, 256, 256, 4)
Cpatches size (8, 256, 256, 4)
Cpatches size (8, 256, 256, 4)
Boundary loss 10.235247
Saving model
Saved  model_name
Validating 337
Cpatches size (1, 256, 256, 4)
[0.06377777 0.08115453 0.08567989 ... 0.60356283 0.6070392  0.6228689 ]
[0.07032415 0.07494984 0.07544559 ... 0.71095634 0.712095   0.72240543]
Cpatches size (8, 256, 256, 4)
Cpatches size (8, 256, 256, 4)
Cpatches size (8, 256, 256, 4)
Cpatches size (8, 256, 256, 4)
Cpatches size (8, 256, 256, 4)
D_loss 0.5046766
Cpatches size (8, 256, 256, 4)
Cpatches size (8, 256, 256, 4)
Cpatches size (8, 256, 256, 4)
Cpatches size (8, 256, 256, 4)
Cpatches size (8, 256, 256, 4)
D_loss 0.38373834
Cpatches size (8, 256, 256, 4)
Cpatches size (8, 256, 256, 4)
Cpatches size (8, 256, 256, 4)
Cpatches size (8, 256, 256, 4)
Cpatches size (8, 256, 256, 4)
D_loss 0.37322906
Cpatches size (8, 256, 256, 4)
Cpatches size (8, 256, 256, 4)
Cpatches size (8, 256, 256, 4)
Cpatches size (8, 256, 256, 4)
Cpatches size (8, 256, 256, 4)
D_loss 0.4146102
Cpatches size (8, 256, 256, 4)
Cpatches size (8, 256, 256, 4)
Cpatches size (8, 256, 256, 4)
Cpatches size (8, 256, 256, 4)
Cpatches size (8, 256, 256, 4)
D_loss 0.28400022
========
Cpatches size (8, 256, 256, 4)
G loss 2.234535
Cpatches size (8, 256, 256, 4)
G loss 1.8724285
Cpatches size (8, 256, 256, 4)
G loss 1.09912
Cpatches size (8, 256, 256, 4)
G loss 1.5154332
Cpatches size (8, 256, 256, 4)
G loss 0.22702828
========
Cpatches size (8, 256, 256, 4)
Cpatches size (8, 256, 256, 4)
Cpatches size (8, 256, 256, 4)
Cpatches size (8, 256, 256, 4)
Cpatches size (8, 256, 256, 4)
Cpatches size (8, 256, 256, 4)
Cpatches size (8, 256, 256, 4)
Cpatches size (8, 256, 256, 4)
Cpatches size (8, 256, 256, 4)
Cpatches size (8, 256, 256, 4)
VGG loss 125.77102
Cpatches size (8, 256, 256, 4)
Cpatches size (8, 256, 256, 4)
Cpatches size (8, 256, 256, 4)
Cpatches size (8, 256, 256, 4)
Cpatches size (8, 256, 256, 4)
Cpatches size (8, 256, 256, 4)
Cpatches size (8, 256, 256, 4)
Cpatches size (8, 256, 256, 4)
Cpatches size (8, 256, 256, 4)
Cpatches size (8, 256, 256, 4)
Boundary loss 9.585584
Saving model
Saved  model_name
Validating 388
Cpatches size (1, 256, 256, 4)
[0.07647034 0.08497237 0.10528091 ... 0.6172489  0.61763763 0.62382066]
[0.00402508 0.00566833 0.00608818 ... 0.8414591  0.8437876  0.8459385 ]
Cpatches size (8, 256, 256, 4)
Cpatches size (8, 256, 256, 4)
Cpatches size (8, 256, 256, 4)
Cpatches size (8, 256, 256, 4)
Cpatches size (8, 256, 256, 4)
D_loss 0.38677487
Cpatches size (8, 256, 256, 4)
Cpatches size (8, 256, 256, 4)
Cpatches size (8, 256, 256, 4)
Cpatches size (8, 256, 256, 4)
Cpatches size (8, 256, 256, 4)
D_loss 0.41402858
Cpatches size (8, 256, 256, 4)
Cpatches size (8, 256, 256, 4)
Cpatches size (8, 256, 256, 4)
Cpatches size (8, 256, 256, 4)
Cpatches size (8, 256, 256, 4)
D_loss 0.4065113
Cpatches size (8, 256, 256, 4)
Cpatches size (8, 256, 256, 4)
Cpatches size (8, 256, 256, 4)
Cpatches size (8, 256, 256, 4)
Cpatches size (8, 256, 256, 4)
D_loss 0.34152737
Cpatches size (8, 256, 256, 4)
Cpatches size (8, 256, 256, 4)
Cpatches size (8, 256, 256, 4)
Cpatches size (8, 256, 256, 4)
Cpatches size (8, 256, 256, 4)
D_loss 0.41793042
Cpatches size (8, 256, 256, 4)
Cpatches size (8, 256, 256, 4)
Cpatches size (8, 256, 256, 4)
Cpatches size (8, 256, 256, 4)
Cpatches size (8, 256, 256, 4)
D_loss 0.43222767
Cpatches size (8, 256, 256, 4)
Cpatches size (8, 256, 256, 4)
Cpatches size (8, 256, 256, 4)
Cpatches size (8, 256, 256, 4)
Cpatches size (8, 256, 256, 4)
D_loss 0.32559207
Cpatches size (8, 256, 256, 4)
Cpatches size (8, 256, 256, 4)
Cpatches size (8, 256, 256, 4)
Cpatches size (8, 256, 256, 4)
Cpatches size (8, 256, 256, 4)
D_loss 0.30355614
Cpatches size (8, 256, 256, 4)
Cpatches size (8, 256, 256, 4)
Cpatches size (8, 256, 256, 4)
Cpatches size (8, 256, 256, 4)
Cpatches size (8, 256, 256, 4)
D_loss 0.27886975
========
Cpatches size (8, 256, 256, 4)
G loss 2.118095
Cpatches size (8, 256, 256, 4)
G loss 0.49545568
Cpatches size (8, 256, 256, 4)
G loss 0.035223138
========
Cpatches size (8, 256, 256, 4)
Cpatches size (8, 256, 256, 4)
Cpatches size (8, 256, 256, 4)
Cpatches size (8, 256, 256, 4)
Cpatches size (8, 256, 256, 4)
Cpatches size (8, 256, 256, 4)
Cpatches size (8, 256, 256, 4)
Cpatches size (8, 256, 256, 4)
Cpatches size (8, 256, 256, 4)
Cpatches size (8, 256, 256, 4)
VGG loss 139.24979
Cpatches size (8, 256, 256, 4)
Cpatches size (8, 256, 256, 4)
Cpatches size (8, 256, 256, 4)
Cpatches size (8, 256, 256, 4)
Cpatches size (8, 256, 256, 4)
Cpatches size (8, 256, 256, 4)
Cpatches size (8, 256, 256, 4)
Cpatches size (8, 256, 256, 4)
Cpatches size (8, 256, 256, 4)
Cpatches size (8, 256, 256, 4)
Boundary loss 9.991476
Saving model
Saved  model_name
Validating 457
Cpatches size (1, 256, 256, 4)
[0.0755498  0.08538063 0.0994909  ... 0.63782465 0.64074844 0.6533394 ]
[0.04690256 0.04796805 0.04832722 ... 0.7280387  0.7295229  0.73361516]
Cpatches size (8, 256, 256, 4)
Cpatches size (8, 256, 256, 4)
Cpatches size (8, 256, 256, 4)
Cpatches size (8, 256, 256, 4)
Cpatches size (8, 256, 256, 4)
D_loss 0.24115603
========
Cpatches size (8, 256, 256, 4)
G loss 2.3236914
Cpatches size (8, 256, 256, 4)
G loss 1.8903961
Cpatches size (8, 256, 256, 4)
G loss 0.18220024
========
Cpatches size (8, 256, 256, 4)
Cpatches size (8, 256, 256, 4)
Cpatches size (8, 256, 256, 4)
Cpatches size (8, 256, 256, 4)
Cpatches size (8, 256, 256, 4)
Cpatches size (8, 256, 256, 4)
Cpatches size (8, 256, 256, 4)
Cpatches size (8, 256, 256, 4)
Cpatches size (8, 256, 256, 4)
Cpatches size (8, 256, 256, 4)
VGG loss 132.44972
Cpatches size (8, 256, 256, 4)
Cpatches size (8, 256, 256, 4)
Cpatches size (8, 256, 256, 4)
Cpatches size (8, 256, 256, 4)
Cpatches size (8, 256, 256, 4)
Cpatches size (8, 256, 256, 4)
Cpatches size (8, 256, 256, 4)
Cpatches size (8, 256, 256, 4)
Cpatches size (8, 256, 256, 4)
Cpatches size (8, 256, 256, 4)
Boundary loss 10.285448
Saving model
Saved  model_name
Validating 486
Cpatches size (1, 256, 256, 4)
[0.1039209  0.11231386 0.1320454  ... 0.7318238  0.73709613 0.74436015]
[0.07495646 0.0749858  0.07615172 ... 0.7661029  0.7691754  0.77397126]
Cpatches size (8, 256, 256, 4)
Cpatches size (8, 256, 256, 4)
Cpatches size (8, 256, 256, 4)
Cpatches size (8, 256, 256, 4)
Cpatches size (8, 256, 256, 4)
D_loss 0.27667975
========
Cpatches size (8, 256, 256, 4)
G loss 2.0327516
Cpatches size (8, 256, 256, 4)
G loss 0.48762804
Cpatches size (8, 256, 256, 4)
G loss 0.010574741
========
Cpatches size (8, 256, 256, 4)
Cpatches size (8, 256, 256, 4)
Cpatches size (8, 256, 256, 4)
Cpatches size (8, 256, 256, 4)
Cpatches size (8, 256, 256, 4)
Cpatches size (8, 256, 256, 4)
Cpatches size (8, 256, 256, 4)
Cpatches size (8, 256, 256, 4)
Cpatches size (8, 256, 256, 4)
Cpatches size (8, 256, 256, 4)
VGG loss 144.54214
Cpatches size (8, 256, 256, 4)
Cpatches size (8, 256, 256, 4)
Cpatches size (8, 256, 256, 4)
Cpatches size (8, 256, 256, 4)
Cpatches size (8, 256, 256, 4)
Cpatches size (8, 256, 256, 4)
Cpatches size (8, 256, 256, 4)
Cpatches size (8, 256, 256, 4)
Cpatches size (8, 256, 256, 4)
Cpatches size (8, 256, 256, 4)
Boundary loss 10.098617
Saving model
Saved  model_name
Validating 515
Cpatches size (1, 256, 256, 4)
[0.11186308 0.12047576 0.1314184  ... 0.7524784  0.7606628  0.7764774 ]
[0.06270047 0.06335338 0.06475002 ... 0.74241287 0.7473413  0.76112914]
Cpatches size (8, 256, 256, 4)
Cpatches size (8, 256, 256, 4)
Cpatches size (8, 256, 256, 4)
Cpatches size (8, 256, 256, 4)
Cpatches size (8, 256, 256, 4)
D_loss 0.2530979
========
Cpatches size (8, 256, 256, 4)
G loss 1.573971
Cpatches size (8, 256, 256, 4)
G loss 0.25710535
========
Cpatches size (8, 256, 256, 4)
Cpatches size (8, 256, 256, 4)
Cpatches size (8, 256, 256, 4)
Cpatches size (8, 256, 256, 4)
Cpatches size (8, 256, 256, 4)
Cpatches size (8, 256, 256, 4)
Cpatches size (8, 256, 256, 4)
Cpatches size (8, 256, 256, 4)
Cpatches size (8, 256, 256, 4)
Cpatches size (8, 256, 256, 4)
VGG loss 117.14931
Cpatches size (8, 256, 256, 4)
Cpatches size (8, 256, 256, 4)
Cpatches size (8, 256, 256, 4)
Cpatches size (8, 256, 256, 4)
Cpatches size (8, 256, 256, 4)
Cpatches size (8, 256, 256, 4)
Cpatches size (8, 256, 256, 4)
Cpatches size (8, 256, 256, 4)
Cpatches size (8, 256, 256, 4)
Cpatches size (8, 256, 256, 4)
Boundary loss 9.783384
Saving model
Saving checkpoint
Saved  model_name
Saved ckpt  model_name_543
Validating 543
Cpatches size (1, 256, 256, 4)
[0.12914455 0.13969152 0.14641325 ... 0.8142113  0.82318014 0.84098315]
[0.06190448 0.06410611 0.06575688 ... 0.7352708  0.7384684  0.7394959 ]
Cpatches size (8, 256, 256, 4)
Cpatches size (8, 256, 256, 4)
Cpatches size (8, 256, 256, 4)
Cpatches size (8, 256, 256, 4)
Cpatches size (8, 256, 256, 4)
D_loss 0.2400138
========
Cpatches size (8, 256, 256, 4)
G loss 2.8187346
Cpatches size (8, 256, 256, 4)
G loss 2.2373986
Cpatches size (8, 256, 256, 4)
G loss 0.1273149
========
Cpatches size (8, 256, 256, 4)
Cpatches size (8, 256, 256, 4)
Cpatches size (8, 256, 256, 4)
Cpatches size (8, 256, 256, 4)
Cpatches size (8, 256, 256, 4)
Cpatches size (8, 256, 256, 4)
Cpatches size (8, 256, 256, 4)
Cpatches size (8, 256, 256, 4)
Cpatches size (8, 256, 256, 4)
Cpatches size (8, 256, 256, 4)
VGG loss 134.84178
Cpatches size (8, 256, 256, 4)
Cpatches size (8, 256, 256, 4)
Cpatches size (8, 256, 256, 4)
Cpatches size (8, 256, 256, 4)
Cpatches size (8, 256, 256, 4)
Cpatches size (8, 256, 256, 4)
Cpatches size (8, 256, 256, 4)
Cpatches size (8, 256, 256, 4)
Cpatches size (8, 256, 256, 4)
Cpatches size (8, 256, 256, 4)
Boundary loss 9.692392
Cpatches size (8, 256, 256, 4)
Cpatches size (8, 256, 256, 4)
Cpatches size (8, 256, 256, 4)
Cpatches size (8, 256, 256, 4)
Cpatches size (8, 256, 256, 4)
D_loss 0.3613672
Cpatches size (8, 256, 256, 4)
Cpatches size (8, 256, 256, 4)
Cpatches size (8, 256, 256, 4)
Cpatches size (8, 256, 256, 4)
Cpatches size (8, 256, 256, 4)
D_loss 0.27404243
========
Cpatches size (8, 256, 256, 4)
G loss 1.4708028
Cpatches size (8, 256, 256, 4)
G loss 0.20758313
========
Cpatches size (8, 256, 256, 4)
Cpatches size (8, 256, 256, 4)
Cpatches size (8, 256, 256, 4)
Cpatches size (8, 256, 256, 4)
Cpatches size (8, 256, 256, 4)
Cpatches size (8, 256, 256, 4)
Cpatches size (8, 256, 256, 4)
Cpatches size (8, 256, 256, 4)
Cpatches size (8, 256, 256, 4)
Cpatches size (8, 256, 256, 4)
VGG loss 130.56363
Cpatches size (8, 256, 256, 4)
Cpatches size (8, 256, 256, 4)
Cpatches size (8, 256, 256, 4)
Cpatches size (8, 256, 256, 4)
Cpatches size (8, 256, 256, 4)
Cpatches size (8, 256, 256, 4)
Cpatches size (8, 256, 256, 4)
Cpatches size (8, 256, 256, 4)
Cpatches size (8, 256, 256, 4)
Cpatches size (8, 256, 256, 4)
Boundary loss 9.197892
Saving model
Saved  model_name
Validating 605
Cpatches size (1, 256, 256, 4)
[0.20238858 0.21941629 0.22209246 ... 0.9484782  0.94972396 0.96145713]
[0.21447931 0.22855026 0.23558076 ... 0.7264046  0.72744626 0.7383213 ]
Cpatches size (8, 256, 256, 4)
Cpatches size (8, 256, 256, 4)
Cpatches size (8, 256, 256, 4)
Cpatches size (8, 256, 256, 4)
Cpatches size (8, 256, 256, 4)
D_loss 0.2790085
========
Cpatches size (8, 256, 256, 4)
G loss 2.520505
Cpatches size (8, 256, 256, 4)
G loss 0.17775965
========
Cpatches size (8, 256, 256, 4)
Cpatches size (8, 256, 256, 4)
Cpatches size (8, 256, 256, 4)
Cpatches size (8, 256, 256, 4)
Cpatches size (8, 256, 256, 4)
Cpatches size (8, 256, 256, 4)
Cpatches size (8, 256, 256, 4)
Cpatches size (8, 256, 256, 4)
Cpatches size (8, 256, 256, 4)
Cpatches size (8, 256, 256, 4)
VGG loss 105.77336
Cpatches size (8, 256, 256, 4)
Cpatches size (8, 256, 256, 4)
Cpatches size (8, 256, 256, 4)
Cpatches size (8, 256, 256, 4)
Cpatches size (8, 256, 256, 4)
Cpatches size (8, 256, 256, 4)
Cpatches size (8, 256, 256, 4)
Cpatches size (8, 256, 256, 4)
Cpatches size (8, 256, 256, 4)
Cpatches size (8, 256, 256, 4)
Boundary loss 9.559322
Saving model
Saved  model_name
Validating 633
Cpatches size (1, 256, 256, 4)
[0.085824   0.12525457 0.12964605 ... 0.84721863 0.86904913 0.87565583]
[0.0000000e+00 6.8218447e-05 2.3530959e-04 ... 8.4648728e-01 8.4684324e-01
 8.4846824e-01]
Cpatches size (8, 256, 256, 4)
Cpatches size (8, 256, 256, 4)
Cpatches size (8, 256, 256, 4)
Cpatches size (8, 256, 256, 4)
Cpatches size (8, 256, 256, 4)
D_loss 1.1992092
Cpatches size (8, 256, 256, 4)
Cpatches size (8, 256, 256, 4)
Cpatches size (8, 256, 256, 4)
Cpatches size (8, 256, 256, 4)
Cpatches size (8, 256, 256, 4)
D_loss 1.3487428
Cpatches size (8, 256, 256, 4)
Cpatches size (8, 256, 256, 4)
Cpatches size (8, 256, 256, 4)
Cpatches size (8, 256, 256, 4)
Cpatches size (8, 256, 256, 4)
D_loss 1.0435566
Cpatches size (8, 256, 256, 4)
Cpatches size (8, 256, 256, 4)
Cpatches size (8, 256, 256, 4)
Cpatches size (8, 256, 256, 4)
Cpatches size (8, 256, 256, 4)
D_loss 0.7789868
Cpatches size (8, 256, 256, 4)
Cpatches size (8, 256, 256, 4)
Cpatches size (8, 256, 256, 4)
Cpatches size (8, 256, 256, 4)
Cpatches size (8, 256, 256, 4)
D_loss 0.6394087
Cpatches size (8, 256, 256, 4)
Cpatches size (8, 256, 256, 4)
Cpatches size (8, 256, 256, 4)
Cpatches size (8, 256, 256, 4)
Cpatches size (8, 256, 256, 4)
D_loss 0.53631693
Cpatches size (8, 256, 256, 4)
Cpatches size (8, 256, 256, 4)
Cpatches size (8, 256, 256, 4)
Cpatches size (8, 256, 256, 4)
Cpatches size (8, 256, 256, 4)
D_loss 0.4529727
Cpatches size (8, 256, 256, 4)
Cpatches size (8, 256, 256, 4)
Cpatches size (8, 256, 256, 4)
Cpatches size (8, 256, 256, 4)
Cpatches size (8, 256, 256, 4)
D_loss 0.51324606
Cpatches size (8, 256, 256, 4)
Cpatches size (8, 256, 256, 4)
Cpatches size (8, 256, 256, 4)
Cpatches size (8, 256, 256, 4)
Cpatches size (8, 256, 256, 4)
D_loss 0.4125018
Cpatches size (8, 256, 256, 4)
Cpatches size (8, 256, 256, 4)
Cpatches size (8, 256, 256, 4)
Cpatches size (8, 256, 256, 4)
Cpatches size (8, 256, 256, 4)
D_loss 0.4532919
Cpatches size (8, 256, 256, 4)
Cpatches size (8, 256, 256, 4)
Cpatches size (8, 256, 256, 4)
Cpatches size (8, 256, 256, 4)
Cpatches size (8, 256, 256, 4)
D_loss 0.41558075
Cpatches size (8, 256, 256, 4)
Cpatches size (8, 256, 256, 4)
Cpatches size (8, 256, 256, 4)
Cpatches size (8, 256, 256, 4)
Cpatches size (8, 256, 256, 4)
D_loss 0.46138176
Cpatches size (8, 256, 256, 4)
Cpatches size (8, 256, 256, 4)
Cpatches size (8, 256, 256, 4)
Cpatches size (8, 256, 256, 4)
Cpatches size (8, 256, 256, 4)
D_loss 0.39121047
Cpatches size (8, 256, 256, 4)
Cpatches size (8, 256, 256, 4)
Cpatches size (8, 256, 256, 4)
Cpatches size (8, 256, 256, 4)
Cpatches size (8, 256, 256, 4)
D_loss 0.38088077
Cpatches size (8, 256, 256, 4)
Cpatches size (8, 256, 256, 4)
Cpatches size (8, 256, 256, 4)
Cpatches size (8, 256, 256, 4)
Cpatches size (8, 256, 256, 4)
D_loss 0.35241723
Cpatches size (8, 256, 256, 4)
Cpatches size (8, 256, 256, 4)
Cpatches size (8, 256, 256, 4)
Cpatches size (8, 256, 256, 4)
Cpatches size (8, 256, 256, 4)
D_loss 0.37213615
Cpatches size (8, 256, 256, 4)
Cpatches size (8, 256, 256, 4)
Cpatches size (8, 256, 256, 4)
Cpatches size (8, 256, 256, 4)
Cpatches size (8, 256, 256, 4)
D_loss 0.3276809
Cpatches size (8, 256, 256, 4)
Cpatches size (8, 256, 256, 4)
Cpatches size (8, 256, 256, 4)
Cpatches size (8, 256, 256, 4)
Cpatches size (8, 256, 256, 4)
D_loss 0.30832016
Cpatches size (8, 256, 256, 4)
Cpatches size (8, 256, 256, 4)
Cpatches size (8, 256, 256, 4)
Cpatches size (8, 256, 256, 4)
Cpatches size (8, 256, 256, 4)
D_loss 0.35385376
Cpatches size (8, 256, 256, 4)
Cpatches size (8, 256, 256, 4)
Cpatches size (8, 256, 256, 4)
Cpatches size (8, 256, 256, 4)
Cpatches size (8, 256, 256, 4)
D_loss 0.2566508
========
Cpatches size (8, 256, 256, 4)
G loss 1.673728
Cpatches size (8, 256, 256, 4)
G loss 0.058344
========
Cpatches size (8, 256, 256, 4)
Cpatches size (8, 256, 256, 4)
Cpatches size (8, 256, 256, 4)
Cpatches size (8, 256, 256, 4)
Cpatches size (8, 256, 256, 4)
Cpatches size (8, 256, 256, 4)
Cpatches size (8, 256, 256, 4)
Cpatches size (8, 256, 256, 4)
Cpatches size (8, 256, 256, 4)
Cpatches size (8, 256, 256, 4)
VGG loss 124.44454
Cpatches size (8, 256, 256, 4)
Cpatches size (8, 256, 256, 4)
Cpatches size (8, 256, 256, 4)
Cpatches size (8, 256, 256, 4)
Cpatches size (8, 256, 256, 4)
Cpatches size (8, 256, 256, 4)
Cpatches size (8, 256, 256, 4)
Cpatches size (8, 256, 256, 4)
Cpatches size (8, 256, 256, 4)
Cpatches size (8, 256, 256, 4)
Boundary loss 8.934961
Saving model
Saved  model_name
Validating 756
Cpatches size (1, 256, 256, 4)
[0.104807   0.12932041 0.12982139 ... 0.79275113 0.8102803  0.81620866]
[0.05777194 0.06012303 0.06064465 ... 0.72950774 0.73164105 0.7329968 ]
Cpatches size (8, 256, 256, 4)
Cpatches size (8, 256, 256, 4)
Cpatches size (8, 256, 256, 4)
Cpatches size (8, 256, 256, 4)
Cpatches size (8, 256, 256, 4)
D_loss 0.25821438
========
Cpatches size (8, 256, 256, 4)
G loss 1.5125897
Cpatches size (8, 256, 256, 4)
G loss 1.6276798
Cpatches size (8, 256, 256, 4)
G loss 0.020665346
========
Cpatches size (8, 256, 256, 4)
Cpatches size (8, 256, 256, 4)
Cpatches size (8, 256, 256, 4)
Cpatches size (8, 256, 256, 4)
Cpatches size (8, 256, 256, 4)
Cpatches size (8, 256, 256, 4)
Cpatches size (8, 256, 256, 4)
Cpatches size (8, 256, 256, 4)
Cpatches size (8, 256, 256, 4)
Cpatches size (8, 256, 256, 4)
VGG loss 117.686745
Cpatches size (8, 256, 256, 4)
Cpatches size (8, 256, 256, 4)
Cpatches size (8, 256, 256, 4)
Cpatches size (8, 256, 256, 4)
Cpatches size (8, 256, 256, 4)
Cpatches size (8, 256, 256, 4)
Cpatches size (8, 256, 256, 4)
Cpatches size (8, 256, 256, 4)
Cpatches size (8, 256, 256, 4)
Cpatches size (8, 256, 256, 4)
Boundary loss 9.31352
Saving model
Saved  model_name
Validating 785
Cpatches size (1, 256, 256, 4)
[0.10472217 0.13875145 0.15380843 ... 0.80402887 0.80609477 0.8253139 ]
[0.02867213 0.03297464 0.03436587 ... 0.8587029  0.8590105  0.8623124 ]
Cpatches size (8, 256, 256, 4)
Cpatches size (8, 256, 256, 4)
Cpatches size (8, 256, 256, 4)
Cpatches size (8, 256, 256, 4)
Cpatches size (8, 256, 256, 4)
D_loss 0.26796225
========
Cpatches size (8, 256, 256, 4)
G loss 2.5925164
Cpatches size (8, 256, 256, 4)
G loss 1.174027
Cpatches size (8, 256, 256, 4)
G loss 0.05380474
========
Cpatches size (8, 256, 256, 4)
Cpatches size (8, 256, 256, 4)
Cpatches size (8, 256, 256, 4)
Cpatches size (8, 256, 256, 4)
Cpatches size (8, 256, 256, 4)
Cpatches size (8, 256, 256, 4)
Cpatches size (8, 256, 256, 4)
Cpatches size (8, 256, 256, 4)
Cpatches size (8, 256, 256, 4)
Cpatches size (8, 256, 256, 4)
VGG loss 133.77621
Cpatches size (8, 256, 256, 4)
Cpatches size (8, 256, 256, 4)
Cpatches size (8, 256, 256, 4)
Cpatches size (8, 256, 256, 4)
Cpatches size (8, 256, 256, 4)
Cpatches size (8, 256, 256, 4)
Cpatches size (8, 256, 256, 4)
Cpatches size (8, 256, 256, 4)
Cpatches size (8, 256, 256, 4)
Cpatches size (8, 256, 256, 4)
Boundary loss 8.91157
Saving model
Saved  model_name
Validating 814
Cpatches size (1, 256, 256, 4)
[0.14026894 0.16247903 0.16331017 ... 0.8599675  0.86642116 0.8731102 ]
[0.01964576 0.02107661 0.02190906 ... 0.7881119  0.7929016  0.7967564 ]
Cpatches size (8, 256, 256, 4)
Cpatches size (8, 256, 256, 4)
Cpatches size (8, 256, 256, 4)
Cpatches size (8, 256, 256, 4)
Cpatches size (8, 256, 256, 4)
D_loss 0.26690665
========
Cpatches size (8, 256, 256, 4)
G loss 2.8273199
Cpatches size (8, 256, 256, 4)
G loss 0.056554187
========
Cpatches size (8, 256, 256, 4)
Cpatches size (8, 256, 256, 4)
Cpatches size (8, 256, 256, 4)
Cpatches size (8, 256, 256, 4)
Cpatches size (8, 256, 256, 4)
Cpatches size (8, 256, 256, 4)
Cpatches size (8, 256, 256, 4)
Cpatches size (8, 256, 256, 4)
Cpatches size (8, 256, 256, 4)
Cpatches size (8, 256, 256, 4)
VGG loss 114.136795
Cpatches size (8, 256, 256, 4)
Cpatches size (8, 256, 256, 4)
Cpatches size (8, 256, 256, 4)
Cpatches size (8, 256, 256, 4)
Cpatches size (8, 256, 256, 4)
Cpatches size (8, 256, 256, 4)
Cpatches size (8, 256, 256, 4)
Cpatches size (8, 256, 256, 4)
Cpatches size (8, 256, 256, 4)
Cpatches size (8, 256, 256, 4)
Boundary loss 8.952757
Saving model
Saved  model_name
Validating 842
Cpatches size (1, 256, 256, 4)
[0.13231553 0.1949736  0.19527572 ... 0.93445116 0.93533415 0.9369966 ]
[0.06376021 0.06870955 0.06937915 ... 0.8470732  0.8495103  0.85787666]
Cpatches size (8, 256, 256, 4)
Cpatches size (8, 256, 256, 4)
Cpatches size (8, 256, 256, 4)
Cpatches size (8, 256, 256, 4)
Cpatches size (8, 256, 256, 4)
D_loss 0.59967947
Cpatches size (8, 256, 256, 4)
Cpatches size (8, 256, 256, 4)
Cpatches size (8, 256, 256, 4)
Cpatches size (8, 256, 256, 4)
Cpatches size (8, 256, 256, 4)
D_loss 0.71180695
Cpatches size (8, 256, 256, 4)
Cpatches size (8, 256, 256, 4)
Cpatches size (8, 256, 256, 4)
Cpatches size (8, 256, 256, 4)
Cpatches size (8, 256, 256, 4)
D_loss 0.61632234
Cpatches size (8, 256, 256, 4)
Cpatches size (8, 256, 256, 4)
Cpatches size (8, 256, 256, 4)
Cpatches size (8, 256, 256, 4)
Cpatches size (8, 256, 256, 4)
D_loss 0.48220864
Cpatches size (8, 256, 256, 4)
Cpatches size (8, 256, 256, 4)
Cpatches size (8, 256, 256, 4)
Cpatches size (8, 256, 256, 4)
Cpatches size (8, 256, 256, 4)
D_loss 0.4272789
Cpatches size (8, 256, 256, 4)
Cpatches size (8, 256, 256, 4)
Cpatches size (8, 256, 256, 4)
Cpatches size (8, 256, 256, 4)
Cpatches size (8, 256, 256, 4)
D_loss 0.35602313
Cpatches size (8, 256, 256, 4)
Cpatches size (8, 256, 256, 4)
Cpatches size (8, 256, 256, 4)
Cpatches size (8, 256, 256, 4)
Cpatches size (8, 256, 256, 4)
D_loss 0.42539287
Cpatches size (8, 256, 256, 4)
Cpatches size (8, 256, 256, 4)
Cpatches size (8, 256, 256, 4)
Cpatches size (8, 256, 256, 4)
Cpatches size (8, 256, 256, 4)
D_loss 0.36580253
Cpatches size (8, 256, 256, 4)
Cpatches size (8, 256, 256, 4)
Cpatches size (8, 256, 256, 4)
Cpatches size (8, 256, 256, 4)
Cpatches size (8, 256, 256, 4)
D_loss 0.3537562
Cpatches size (8, 256, 256, 4)
Cpatches size (8, 256, 256, 4)
Cpatches size (8, 256, 256, 4)
Cpatches size (8, 256, 256, 4)
Cpatches size (8, 256, 256, 4)
D_loss 0.33128995
Cpatches size (8, 256, 256, 4)
Cpatches size (8, 256, 256, 4)
Cpatches size (8, 256, 256, 4)
Cpatches size (8, 256, 256, 4)
Cpatches size (8, 256, 256, 4)
D_loss 0.3021117
Cpatches size (8, 256, 256, 4)
Cpatches size (8, 256, 256, 4)
Cpatches size (8, 256, 256, 4)
Cpatches size (8, 256, 256, 4)
Cpatches size (8, 256, 256, 4)
D_loss 0.2689036
========
Cpatches size (8, 256, 256, 4)
G loss 2.4927025
Cpatches size (8, 256, 256, 4)
G loss 0.28702593
========
Cpatches size (8, 256, 256, 4)
Cpatches size (8, 256, 256, 4)
Cpatches size (8, 256, 256, 4)
Cpatches size (8, 256, 256, 4)
Cpatches size (8, 256, 256, 4)
Cpatches size (8, 256, 256, 4)
Cpatches size (8, 256, 256, 4)
Cpatches size (8, 256, 256, 4)
Cpatches size (8, 256, 256, 4)
Cpatches size (8, 256, 256, 4)
VGG loss 132.04771
Cpatches size (8, 256, 256, 4)
Cpatches size (8, 256, 256, 4)
Cpatches size (8, 256, 256, 4)
Cpatches size (8, 256, 256, 4)
Cpatches size (8, 256, 256, 4)
Cpatches size (8, 256, 256, 4)
Cpatches size (8, 256, 256, 4)
Cpatches size (8, 256, 256, 4)
Cpatches size (8, 256, 256, 4)
Cpatches size (8, 256, 256, 4)
Boundary loss 9.567469
Saving model
Saved  model_name
Validating 925
Cpatches size (1, 256, 256, 4)
[0.13551433 0.1963031  0.20342927 ... 0.8738192  0.8769961  0.8778062 ]
[0.02894112 0.0371327  0.03758392 ... 0.8259598  0.82610226 0.84272325]
Cpatches size (8, 256, 256, 4)
Cpatches size (8, 256, 256, 4)
Cpatches size (8, 256, 256, 4)
Cpatches size (8, 256, 256, 4)
Cpatches size (8, 256, 256, 4)
D_loss 0.4086505
Cpatches size (8, 256, 256, 4)
Cpatches size (8, 256, 256, 4)
Cpatches size (8, 256, 256, 4)
Cpatches size (8, 256, 256, 4)
Cpatches size (8, 256, 256, 4)
D_loss 0.26507688
========
Cpatches size (8, 256, 256, 4)
G loss 1.2545235
Cpatches size (8, 256, 256, 4)
G loss 0.013949001
========
Cpatches size (8, 256, 256, 4)
Cpatches size (8, 256, 256, 4)
Cpatches size (8, 256, 256, 4)
Cpatches size (8, 256, 256, 4)
Cpatches size (8, 256, 256, 4)
Cpatches size (8, 256, 256, 4)
Cpatches size (8, 256, 256, 4)
Cpatches size (8, 256, 256, 4)
Cpatches size (8, 256, 256, 4)
Cpatches size (8, 256, 256, 4)
VGG loss 125.35561
Cpatches size (8, 256, 256, 4)
Cpatches size (8, 256, 256, 4)
Cpatches size (8, 256, 256, 4)
Cpatches size (8, 256, 256, 4)
Cpatches size (8, 256, 256, 4)
Cpatches size (8, 256, 256, 4)
Cpatches size (8, 256, 256, 4)
Cpatches size (8, 256, 256, 4)
Cpatches size (8, 256, 256, 4)
Cpatches size (8, 256, 256, 4)
Boundary loss 9.041454
Saving model
Saving checkpoint
Saved  model_name
Saved ckpt  model_name_958
Validating 958
Cpatches size (1, 256, 256, 4)
[0.12498211 0.12896888 0.12962683 ... 0.97236127 0.97971225 1.0025274 ]
[0.01502521 0.0212976  0.0230625  ... 0.83076257 0.8387784  0.85661066]
Cpatches size (8, 256, 256, 4)
Cpatches size (8, 256, 256, 4)
Cpatches size (8, 256, 256, 4)
Cpatches size (8, 256, 256, 4)
Cpatches size (8, 256, 256, 4)
D_loss 0.36332965
Cpatches size (8, 256, 256, 4)
Cpatches size (8, 256, 256, 4)
Cpatches size (8, 256, 256, 4)
Cpatches size (8, 256, 256, 4)
Cpatches size (8, 256, 256, 4)
D_loss 0.34100938
Cpatches size (8, 256, 256, 4)
Cpatches size (8, 256, 256, 4)
Cpatches size (8, 256, 256, 4)
Cpatches size (8, 256, 256, 4)
Cpatches size (8, 256, 256, 4)
D_loss 0.25521356
========
Cpatches size (8, 256, 256, 4)
G loss 2.6593585
Cpatches size (8, 256, 256, 4)
G loss 1.7800746
Cpatches size (8, 256, 256, 4)
G loss 0.010223495
========
Cpatches size (8, 256, 256, 4)
Cpatches size (8, 256, 256, 4)
Cpatches size (8, 256, 256, 4)
Cpatches size (8, 256, 256, 4)
Cpatches size (8, 256, 256, 4)
Cpatches size (8, 256, 256, 4)
Cpatches size (8, 256, 256, 4)
Cpatches size (8, 256, 256, 4)
Cpatches size (8, 256, 256, 4)
Cpatches size (8, 256, 256, 4)
VGG loss 115.42639
Cpatches size (8, 256, 256, 4)
Cpatches size (8, 256, 256, 4)
Cpatches size (8, 256, 256, 4)
Cpatches size (8, 256, 256, 4)
Cpatches size (8, 256, 256, 4)
Cpatches size (8, 256, 256, 4)
Cpatches size (8, 256, 256, 4)
Cpatches size (8, 256, 256, 4)
Cpatches size (8, 256, 256, 4)
Cpatches size (8, 256, 256, 4)
Boundary loss 8.629258
Saving model
Traceback (most recent call last):
  File "run.py", line 47, in <module>
    GAN.train_model()
  File "/homes/d18arias/Documents/sante/s5/mammogram/mammo-cigan/train.py", line 224, in train_model
    save(self.save_name, it, self.saver, self.sess, ckpt=ckpt)
  File "/homes/d18arias/Documents/sante/s5/mammogram/mammo-cigan/model_utils.py", line 167, in save
    saver.save(sess, models_dir+ckpt_name)
  File "/homes/d18arias/Documents/sante/envGAN/lib/python3.6/site-packages/tensorflow_core/python/training/saver.py", line 1203, in save
    save_debug_info=save_debug_info)
  File "/homes/d18arias/Documents/sante/envGAN/lib/python3.6/site-packages/tensorflow_core/python/training/saver.py", line 1254, in export_meta_graph
    save_debug_info=save_debug_info)
  File "/homes/d18arias/Documents/sante/envGAN/lib/python3.6/site-packages/tensorflow_core/python/training/saver.py", line 1589, in export_meta_graph
    **kwargs)
  File "/homes/d18arias/Documents/sante/envGAN/lib/python3.6/site-packages/tensorflow_core/python/framework/meta_graph.py", line 1053, in export_scoped_meta_graph
    as_text=as_text)
  File "/homes/d18arias/Documents/sante/envGAN/lib/python3.6/site-packages/tensorflow_core/python/framework/graph_io.py", line 74, in write_graph
    file_io.atomic_write_string_to_file(path, graph_def.SerializeToString())
  File "/homes/d18arias/Documents/sante/envGAN/lib/python3.6/site-packages/tensorflow_core/python/lib/io/file_io.py", line 538, in atomic_write_string_to_file
    write_string_to_file(temp_pathname, contents)
  File "/homes/d18arias/Documents/sante/envGAN/lib/python3.6/site-packages/tensorflow_core/python/lib/io/file_io.py", line 347, in write_string_to_file
    f.write(file_content)
  File "/homes/d18arias/Documents/sante/envGAN/lib/python3.6/site-packages/tensorflow_core/python/lib/io/file_io.py", line 208, in __exit__
    self.close()
  File "/homes/d18arias/Documents/sante/envGAN/lib/python3.6/site-packages/tensorflow_core/python/lib/io/file_io.py", line 240, in close
    pywrap_tensorflow.Set_TF_Status_from_Status(status, ret_status)
  File "/homes/d18arias/Documents/sante/envGAN/lib/python3.6/site-packages/tensorflow_core/python/framework/errors_impl.py", line 556, in __exit__
    c_api.TF_GetCode(self.status.status))
tensorflow.python.framework.errors_impl.ResourceExhaustedError: models/model_name.meta.tmp612ef9bcc99a442691229d8add808d04; Disk quota exceeded
(envGAN) d18arias@pc-df-708:~/Documents/sante/s5/mammogram/mammo-cigan$ 

